<?xml version="1.0" encoding="UTF-8"?>
<testsuite name="Test"
           tests="7"
           failures="0"
           errors="0"
           skipped="0"
           time="74.742">
  <properties />
  
  
            <testcase name="lgoin139_eles" time="10.911" classname="test13.loginpagetest.logintest" />
                <testcase name="lgoin139_eles" time="10.596" classname="test13.loginpagetest.logintest" />
                <testcase name="lgoin139_eles" time="10.619" classname="test13.loginpagetest.logintest" />
                <testcase name="lgoin139_eles" time="10.671" classname="test13.loginpagetest.logintest" />
                <testcase name="login139_sucess" time="10.166" classname="test13.loginpagetest.logintest" />
                <testcase name="lgoin139_eles" time="11.194" classname="test13.loginpagetest.logintest" />
                <testcase name="lgoin139_eles" time="10.585" classname="test13.loginpagetest.logintest" />
      
</testsuite>
